01/09/2012 19:27:36 (Std) 	+-+-+-+-+-+-+-+-+-+-+-+-+-+-+-+-+-+-+-+-+-+-+-+-+-+-+-+-+-+-+-+-+-+-+-+-+-+-+-+
01/09/2012 19:27:36 (Std) 	+                     Crazy Eddie's GUI System - Event log                    +
01/09/2012 19:27:36 (Std) 	+                          (http://www.cegui.org.uk/)                         +
01/09/2012 19:27:36 (Std) 	+-+-+-+-+-+-+-+-+-+-+-+-+-+-+-+-+-+-+-+-+-+-+-+-+-+-+-+-+-+-+-+-+-+-+-+-+-+-+-+

01/09/2012 19:27:36 (Std) 	CEGUI::Logger singleton created. (06914AA8)
01/09/2012 19:27:36 (Std) 	
01/09/2012 19:27:36 (Std) 	********************************************************************************
01/09/2012 19:27:36 (Std) 	* Important:                                                                   *
01/09/2012 19:27:36 (Std) 	*     To get support at the CEGUI forums, you must post _at least_ the section *
01/09/2012 19:27:36 (Std) 	*     of this log file indicated below.  Failure to do this will result in no  *
01/09/2012 19:27:36 (Std) 	*     support being given; please do not waste our time.                       *
01/09/2012 19:27:36 (Std) 	********************************************************************************
01/09/2012 19:27:36 (Std) 	********************************************************************************
01/09/2012 19:27:36 (Std) 	* -------- START OF ESSENTIAL SECTION TO BE POSTED ON THE FORUM       -------- *
01/09/2012 19:27:36 (Std) 	********************************************************************************
01/09/2012 19:27:36 (Std) 	---- Version 0.7.6 (Build: Jun 21 2012 Debug Microsoft Windows MSVC++ 10.0 32 bit) ----
01/09/2012 19:27:36 (Std) 	---- Renderer module is: CEGUI::OgreRenderer - Official OGRE based 2nd generation renderer module. ----
01/09/2012 19:27:36 (Std) 	---- XML Parser module is: CEGUI::ExpatParser - Official expat based parser module for CEGUI ----
01/09/2012 19:27:36 (Std) 	---- Image Codec module is: OgreImageCodec - Integrated ImageCodec using the Ogre engine. ----
01/09/2012 19:27:36 (Std) 	---- Scripting module is: None ----
01/09/2012 19:27:36 (Std) 	********************************************************************************
01/09/2012 19:27:36 (Std) 	* -------- END OF ESSENTIAL SECTION TO BE POSTED ON THE FORUM         -------- *
01/09/2012 19:27:36 (Std) 	********************************************************************************
01/09/2012 19:27:36 (Std) 	
01/09/2012 19:27:36 (Std) 	---- Begining CEGUI System initialisation ----
01/09/2012 19:27:36 (Std) 	CEGUI::ImagesetManager singleton created (0163F670)
01/09/2012 19:27:36 (Std) 	CEGUI::FontManager singleton created. (06914C40)
01/09/2012 19:27:36 (Std) 	CEGUI::WindowFactoryManager singleton created
01/09/2012 19:27:36 (Std) 	CEGUI::WindowManager singleton created (015E6BE8)
01/09/2012 19:27:36 (Std) 	CEGUI::SchemeManager singleton created. (068BB7D8)
01/09/2012 19:27:36 (Std) 	CEGUI::MouseCursor singleton created. (069331D8)
01/09/2012 19:27:36 (Std) 	CEGUI::GlobalEventSet singleton created. (015A96A8)
01/09/2012 19:27:36 (Std) 	CEGUI::AnimationManager singleton created (015E6DE8)
01/09/2012 19:27:36 (Std) 	CEGUI::WidgetLookManager singleton created. (01597A48)
01/09/2012 19:27:36 (Std) 	CEGUI::WindowRendererManager singleton created (01597A88)
01/09/2012 19:27:36 (Std) 	CEGUI::RenderEffectManager singleton created (068CA728)
01/09/2012 19:27:36 (Std) 	Created WindowFactory for 'DefaultWindow' windows.
01/09/2012 19:27:36 (Std) 	WindowFactory for 'DefaultWindow' windows added. (068DEE20)
01/09/2012 19:27:36 (Std) 	Created WindowFactory for 'DragContainer' windows.
01/09/2012 19:27:36 (Std) 	WindowFactory for 'DragContainer' windows added. (06914EE8)
01/09/2012 19:27:36 (Std) 	Created WindowFactory for 'ScrolledContainer' windows.
01/09/2012 19:27:36 (Std) 	WindowFactory for 'ScrolledContainer' windows added. (068F9C70)
01/09/2012 19:27:36 (Std) 	Created WindowFactory for 'ClippedContainer' windows.
01/09/2012 19:27:36 (Std) 	WindowFactory for 'ClippedContainer' windows added. (068F9D38)
01/09/2012 19:27:36 (Std) 	Created WindowFactory for 'CEGUI/Checkbox' windows.
01/09/2012 19:27:36 (Std) 	WindowFactory for 'CEGUI/Checkbox' windows added. (015F3238)
01/09/2012 19:27:36 (Std) 	Created WindowFactory for 'CEGUI/PushButton' windows.
01/09/2012 19:27:36 (Std) 	WindowFactory for 'CEGUI/PushButton' windows added. (015F3300)
01/09/2012 19:27:36 (Std) 	Created WindowFactory for 'CEGUI/RadioButton' windows.
01/09/2012 19:27:36 (Std) 	WindowFactory for 'CEGUI/RadioButton' windows added. (015F33C8)
01/09/2012 19:27:36 (Std) 	Created WindowFactory for 'CEGUI/Combobox' windows.
01/09/2012 19:27:36 (Std) 	WindowFactory for 'CEGUI/Combobox' windows added. (015F3490)
01/09/2012 19:27:36 (Std) 	Created WindowFactory for 'CEGUI/ComboDropList' windows.
01/09/2012 19:27:36 (Std) 	WindowFactory for 'CEGUI/ComboDropList' windows added. (015F3558)
01/09/2012 19:27:36 (Std) 	Created WindowFactory for 'CEGUI/Editbox' windows.
01/09/2012 19:27:36 (Std) 	WindowFactory for 'CEGUI/Editbox' windows added. (015F3620)
01/09/2012 19:27:36 (Std) 	Created WindowFactory for 'CEGUI/FrameWindow' windows.
01/09/2012 19:27:36 (Std) 	WindowFactory for 'CEGUI/FrameWindow' windows added. (015F36E8)
01/09/2012 19:27:36 (Std) 	Created WindowFactory for 'CEGUI/ItemEntry' windows.
01/09/2012 19:27:36 (Std) 	WindowFactory for 'CEGUI/ItemEntry' windows added. (015F37B0)
01/09/2012 19:27:36 (Std) 	Created WindowFactory for 'CEGUI/Listbox' windows.
01/09/2012 19:27:36 (Std) 	WindowFactory for 'CEGUI/Listbox' windows added. (015F3878)
01/09/2012 19:27:36 (Std) 	Created WindowFactory for 'CEGUI/ListHeader' windows.
01/09/2012 19:27:36 (Std) 	WindowFactory for 'CEGUI/ListHeader' windows added. (015F3940)
01/09/2012 19:27:36 (Std) 	Created WindowFactory for 'CEGUI/ListHeaderSegment' windows.
01/09/2012 19:27:36 (Std) 	WindowFactory for 'CEGUI/ListHeaderSegment' windows added. (015F3A08)
01/09/2012 19:27:36 (Std) 	Created WindowFactory for 'CEGUI/Menubar' windows.
01/09/2012 19:27:36 (Std) 	WindowFactory for 'CEGUI/Menubar' windows added. (015F0AE8)
01/09/2012 19:27:36 (Std) 	Created WindowFactory for 'CEGUI/PopupMenu' windows.
01/09/2012 19:27:36 (Std) 	WindowFactory for 'CEGUI/PopupMenu' windows added. (015F0BB0)
01/09/2012 19:27:36 (Std) 	Created WindowFactory for 'CEGUI/MenuItem' windows.
01/09/2012 19:27:36 (Std) 	WindowFactory for 'CEGUI/MenuItem' windows added. (015F0C78)
01/09/2012 19:27:36 (Std) 	Created WindowFactory for 'CEGUI/MultiColumnList' windows.
01/09/2012 19:27:36 (Std) 	WindowFactory for 'CEGUI/MultiColumnList' windows added. (015F0D40)
01/09/2012 19:27:36 (Std) 	Created WindowFactory for 'CEGUI/MultiLineEditbox' windows.
01/09/2012 19:27:36 (Std) 	WindowFactory for 'CEGUI/MultiLineEditbox' windows added. (015F0E08)
01/09/2012 19:27:36 (Std) 	Created WindowFactory for 'CEGUI/ProgressBar' windows.
01/09/2012 19:27:36 (Std) 	WindowFactory for 'CEGUI/ProgressBar' windows added. (015F0ED0)
01/09/2012 19:27:36 (Std) 	Created WindowFactory for 'CEGUI/ScrollablePane' windows.
01/09/2012 19:27:36 (Std) 	WindowFactory for 'CEGUI/ScrollablePane' windows added. (015F0F98)
01/09/2012 19:27:36 (Std) 	Created WindowFactory for 'CEGUI/Scrollbar' windows.
01/09/2012 19:27:36 (Std) 	WindowFactory for 'CEGUI/Scrollbar' windows added. (015F1060)
01/09/2012 19:27:36 (Std) 	Created WindowFactory for 'CEGUI/Slider' windows.
01/09/2012 19:27:36 (Std) 	WindowFactory for 'CEGUI/Slider' windows added. (015F1128)
01/09/2012 19:27:36 (Std) 	Created WindowFactory for 'CEGUI/Spinner' windows.
01/09/2012 19:27:36 (Std) 	WindowFactory for 'CEGUI/Spinner' windows added. (015F11F0)
01/09/2012 19:27:36 (Std) 	Created WindowFactory for 'CEGUI/TabButton' windows.
01/09/2012 19:27:36 (Std) 	WindowFactory for 'CEGUI/TabButton' windows added. (015F12B8)
01/09/2012 19:27:36 (Std) 	Created WindowFactory for 'CEGUI/TabControl' windows.
01/09/2012 19:27:36 (Std) 	WindowFactory for 'CEGUI/TabControl' windows added. (015F1380)
01/09/2012 19:27:36 (Std) 	Created WindowFactory for 'CEGUI/Thumb' windows.
01/09/2012 19:27:36 (Std) 	WindowFactory for 'CEGUI/Thumb' windows added. (015F1448)
01/09/2012 19:27:36 (Std) 	Created WindowFactory for 'CEGUI/Titlebar' windows.
01/09/2012 19:27:36 (Std) 	WindowFactory for 'CEGUI/Titlebar' windows added. (015F15D8)
01/09/2012 19:27:36 (Std) 	Created WindowFactory for 'CEGUI/Tooltip' windows.
01/09/2012 19:27:36 (Std) 	WindowFactory for 'CEGUI/Tooltip' windows added. (015F1510)
01/09/2012 19:27:36 (Std) 	Created WindowFactory for 'CEGUI/ItemListbox' windows.
01/09/2012 19:27:36 (Std) 	WindowFactory for 'CEGUI/ItemListbox' windows added. (015F16A0)
01/09/2012 19:27:36 (Std) 	Created WindowFactory for 'CEGUI/GroupBox' windows.
01/09/2012 19:27:36 (Std) 	WindowFactory for 'CEGUI/GroupBox' windows added. (015F1768)
01/09/2012 19:27:36 (Std) 	Created WindowFactory for 'CEGUI/Tree' windows.
01/09/2012 19:27:36 (Std) 	WindowFactory for 'CEGUI/Tree' windows added. (015F1830)
01/09/2012 19:27:36 (Std) 	Created WindowFactory for 'HorizontalLayoutContainer' windows.
01/09/2012 19:27:36 (Std) 	WindowFactory for 'HorizontalLayoutContainer' windows added. (015F19C0)
01/09/2012 19:27:36 (Std) 	Created WindowFactory for 'VerticalLayoutContainer' windows.
01/09/2012 19:27:36 (Std) 	WindowFactory for 'VerticalLayoutContainer' windows added. (015F18F8)
01/09/2012 19:27:36 (Std) 	Created WindowFactory for 'GridLayoutContainer' windows.
01/09/2012 19:27:36 (Std) 	WindowFactory for 'GridLayoutContainer' windows added. (015F1A88)
01/09/2012 19:27:36 (Std) 	Window type alias named 'DefaultGUISheet' added for window type 'DefaultWindow'.
01/09/2012 19:27:36 (Std) 	CEGUI::System singleton created. (06855028)
01/09/2012 19:27:36 (Std) 	---- CEGUI System initialisation completed ----
01/09/2012 19:27:36 (Std) 	
01/09/2012 19:27:36 (Std) 	Started creation of Scheme from XML specification:
01/09/2012 19:27:36 (Std) 	---- CEGUI GUIScheme name: TaharezLook
01/09/2012 19:27:36 (Std) 	Started creation of Imageset from XML specification:
01/09/2012 19:27:36 (Std) 	---- CEGUI Imageset name: TaharezLook
01/09/2012 19:27:36 (Std) 	---- Source texture file: TaharezLook.tga in resource group: (Default)
01/09/2012 19:27:37 (Std) 	Started creation of Font from XML specification:
01/09/2012 19:27:37 (Std) 	---- CEGUI font name: DejaVuSans-11
01/09/2012 19:27:37 (Std) 	----       Font type: FreeType
01/09/2012 19:27:37 (Std) 	----     Source file: simhei.ttf in resource group: (Default)
01/09/2012 19:27:37 (Std) 	---- Real point size: 14
01/09/2012 19:27:44 (Std) 	===== Falagard 'root' element: look and feel parsing begins =====
01/09/2012 19:27:45 (Std) 	===== Look and feel parsing completed =====
01/09/2012 19:27:45 (Std) 	No window renderer factories specified for module 'CEGUIFalagardWRBase' - adding all available factories...
01/09/2012 19:27:45 (Std) 	Created WindowRendererFactory for 'Falagard/Button' WindowRenderers.
01/09/2012 19:27:45 (Std) 	WindowRendererFactory 'Falagard/Button' added. (015F20C8)
01/09/2012 19:27:45 (Std) 	Created WindowRendererFactory for 'Falagard/Default' WindowRenderers.
01/09/2012 19:27:45 (Std) 	WindowRendererFactory 'Falagard/Default' added. (015F2708)
01/09/2012 19:27:45 (Std) 	Created WindowRendererFactory for 'Falagard/Editbox' WindowRenderers.
01/09/2012 19:27:45 (Std) 	WindowRendererFactory 'Falagard/Editbox' added. (015F2640)
01/09/2012 19:27:45 (Std) 	Created WindowRendererFactory for 'Falagard/FrameWindow' WindowRenderers.
01/09/2012 19:27:45 (Std) 	WindowRendererFactory 'Falagard/FrameWindow' added. (015F27D0)
01/09/2012 19:27:45 (Std) 	Created WindowRendererFactory for 'Falagard/ItemEntry' WindowRenderers.
01/09/2012 19:27:45 (Std) 	WindowRendererFactory 'Falagard/ItemEntry' added. (015F2898)
01/09/2012 19:27:45 (Std) 	Created WindowRendererFactory for 'Falagard/ListHeader' WindowRenderers.
01/09/2012 19:27:45 (Std) 	WindowRendererFactory 'Falagard/ListHeader' added. (015F2960)
01/09/2012 19:27:45 (Std) 	Created WindowRendererFactory for 'Falagard/ListHeaderSegment' WindowRenderers.
01/09/2012 19:27:45 (Std) 	WindowRendererFactory 'Falagard/ListHeaderSegment' added. (077A42D8)
01/09/2012 19:27:45 (Std) 	Created WindowRendererFactory for 'Falagard/Listbox' WindowRenderers.
01/09/2012 19:27:45 (Std) 	WindowRendererFactory 'Falagard/Listbox' added. (077A43A0)
01/09/2012 19:27:45 (Std) 	Created WindowRendererFactory for 'Falagard/Menubar' WindowRenderers.
01/09/2012 19:27:45 (Std) 	WindowRendererFactory 'Falagard/Menubar' added. (077A4468)
01/09/2012 19:27:45 (Std) 	Created WindowRendererFactory for 'Falagard/MenuItem' WindowRenderers.
01/09/2012 19:27:45 (Std) 	WindowRendererFactory 'Falagard/MenuItem' added. (077A4530)
01/09/2012 19:27:45 (Std) 	Created WindowRendererFactory for 'Falagard/MultiColumnList' WindowRenderers.
01/09/2012 19:27:45 (Std) 	WindowRendererFactory 'Falagard/MultiColumnList' added. (077A45F8)
01/09/2012 19:27:45 (Std) 	Created WindowRendererFactory for 'Falagard/MultiLineEditbox' WindowRenderers.
01/09/2012 19:27:45 (Std) 	WindowRendererFactory 'Falagard/MultiLineEditbox' added. (077A46C0)
01/09/2012 19:27:45 (Std) 	Created WindowRendererFactory for 'Falagard/PopupMenu' WindowRenderers.
01/09/2012 19:27:45 (Std) 	WindowRendererFactory 'Falagard/PopupMenu' added. (077A4788)
01/09/2012 19:27:45 (Std) 	Created WindowRendererFactory for 'Falagard/ProgressBar' WindowRenderers.
01/09/2012 19:27:45 (Std) 	WindowRendererFactory 'Falagard/ProgressBar' added. (077A4850)
01/09/2012 19:27:45 (Std) 	Created WindowRendererFactory for 'Falagard/ScrollablePane' WindowRenderers.
01/09/2012 19:27:45 (Std) 	WindowRendererFactory 'Falagard/ScrollablePane' added. (077A4918)
01/09/2012 19:27:45 (Std) 	Created WindowRendererFactory for 'Falagard/Scrollbar' WindowRenderers.
01/09/2012 19:27:45 (Std) 	WindowRendererFactory 'Falagard/Scrollbar' added. (077A49E0)
01/09/2012 19:27:45 (Std) 	Created WindowRendererFactory for 'Falagard/Slider' WindowRenderers.
01/09/2012 19:27:45 (Std) 	WindowRendererFactory 'Falagard/Slider' added. (077A4AA8)
01/09/2012 19:27:45 (Std) 	Created WindowRendererFactory for 'Falagard/Static' WindowRenderers.
01/09/2012 19:27:45 (Std) 	WindowRendererFactory 'Falagard/Static' added. (077A4C38)
01/09/2012 19:27:45 (Std) 	Created WindowRendererFactory for 'Falagard/StaticImage' WindowRenderers.
01/09/2012 19:27:45 (Std) 	WindowRendererFactory 'Falagard/StaticImage' added. (077A4D00)
01/09/2012 19:27:45 (Std) 	Created WindowRendererFactory for 'Falagard/StaticText' WindowRenderers.
01/09/2012 19:27:45 (Std) 	WindowRendererFactory 'Falagard/StaticText' added. (077A4B70)
01/09/2012 19:27:45 (Std) 	Created WindowRendererFactory for 'Falagard/SystemButton' WindowRenderers.
01/09/2012 19:27:45 (Std) 	WindowRendererFactory 'Falagard/SystemButton' added. (077A4DC8)
01/09/2012 19:27:45 (Std) 	Created WindowRendererFactory for 'Falagard/TabButton' WindowRenderers.
01/09/2012 19:27:45 (Std) 	WindowRendererFactory 'Falagard/TabButton' added. (077A4E90)
01/09/2012 19:27:45 (Std) 	Created WindowRendererFactory for 'Falagard/TabControl' WindowRenderers.
01/09/2012 19:27:45 (Std) 	WindowRendererFactory 'Falagard/TabControl' added. (077A4F58)
01/09/2012 19:27:45 (Std) 	Created WindowRendererFactory for 'Falagard/Titlebar' WindowRenderers.
01/09/2012 19:27:45 (Std) 	WindowRendererFactory 'Falagard/Titlebar' added. (077A5020)
01/09/2012 19:27:45 (Std) 	Created WindowRendererFactory for 'Falagard/ToggleButton' WindowRenderers.
01/09/2012 19:27:45 (Std) 	WindowRendererFactory 'Falagard/ToggleButton' added. (077A50E8)
01/09/2012 19:27:45 (Std) 	Created WindowRendererFactory for 'Falagard/Tooltip' WindowRenderers.
01/09/2012 19:27:45 (Std) 	WindowRendererFactory 'Falagard/Tooltip' added. (077A51B0)
01/09/2012 19:27:45 (Std) 	Created WindowRendererFactory for 'Falagard/ItemListbox' WindowRenderers.
01/09/2012 19:27:45 (Std) 	WindowRendererFactory 'Falagard/ItemListbox' added. (077A5278)
01/09/2012 19:27:45 (Std) 	Created WindowRendererFactory for 'Falagard/Tree' WindowRenderers.
01/09/2012 19:27:45 (Std) 	WindowRendererFactory 'Falagard/Tree' added. (077A5340)
01/09/2012 19:27:45 (Std) 	Creating falagard mapping for type 'TaharezLook/Button' using base type 'CEGUI/PushButton', window renderer 'Falagard/Button' Look'N'Feel 'TaharezLook/Button' and RenderEffect ''. (0012CA54)
01/09/2012 19:27:45 (Std) 	Creating falagard mapping for type 'TaharezLook/Checkbox' using base type 'CEGUI/Checkbox', window renderer 'Falagard/ToggleButton' Look'N'Feel 'TaharezLook/Checkbox' and RenderEffect ''. (0012CA54)
01/09/2012 19:27:45 (Std) 	Creating falagard mapping for type 'TaharezLook/ImageButton' using base type 'CEGUI/PushButton', window renderer 'Falagard/Button' Look'N'Feel 'TaharezLook/ImageButton' and RenderEffect ''. (0012CA54)
01/09/2012 19:27:45 (Std) 	Creating falagard mapping for type 'TaharezLook/RadioButton' using base type 'CEGUI/RadioButton', window renderer 'Falagard/ToggleButton' Look'N'Feel 'TaharezLook/RadioButton' and RenderEffect ''. (0012CA54)
01/09/2012 19:27:45 (Std) 	Creating falagard mapping for type 'TaharezLook/FrameWindow' using base type 'CEGUI/FrameWindow', window renderer 'Falagard/FrameWindow' Look'N'Feel 'TaharezLook/FrameWindow' and RenderEffect ''. (0012CA54)
01/09/2012 19:27:45 (Std) 	Creating falagard mapping for type 'TaharezLook/Titlebar' using base type 'CEGUI/Titlebar', window renderer 'Falagard/Titlebar' Look'N'Feel 'TaharezLook/Titlebar' and RenderEffect ''. (0012CA54)
01/09/2012 19:27:45 (Std) 	Creating falagard mapping for type 'TaharezLook/SystemButton' using base type 'CEGUI/PushButton', window renderer 'Falagard/Button' Look'N'Feel 'TaharezLook/Button' and RenderEffect ''. (0012CA54)
01/09/2012 19:27:45 (Std) 	Creating falagard mapping for type 'TaharezLook/Editbox' using base type 'CEGUI/Editbox', window renderer 'Falagard/Editbox' Look'N'Feel 'TaharezLook/Editbox' and RenderEffect ''. (0012CA54)
01/09/2012 19:27:45 (Std) 	Creating falagard mapping for type 'TaharezLook/MultiLineEditbox' using base type 'CEGUI/MultiLineEditbox', window renderer 'Falagard/MultiLineEditbox' Look'N'Feel 'TaharezLook/MultiLineEditbox' and RenderEffect ''. (0012CA54)
01/09/2012 19:27:45 (Std) 	Creating falagard mapping for type 'TaharezLook/Menubar' using base type 'CEGUI/Menubar', window renderer 'Falagard/Menubar' Look'N'Feel 'TaharezLook/Menubar' and RenderEffect ''. (0012CA54)
01/09/2012 19:27:45 (Std) 	Creating falagard mapping for type 'TaharezLook/PopupMenu' using base type 'CEGUI/PopupMenu', window renderer 'Falagard/PopupMenu' Look'N'Feel 'TaharezLook/PopupMenu' and RenderEffect ''. (0012CA54)
01/09/2012 19:27:45 (Std) 	Creating falagard mapping for type 'TaharezLook/MenuItem' using base type 'CEGUI/MenuItem', window renderer 'Falagard/MenuItem' Look'N'Feel 'TaharezLook/MenuItem' and RenderEffect ''. (0012CA54)
01/09/2012 19:27:45 (Std) 	Creating falagard mapping for type 'TaharezLook/AlternateProgressBar' using base type 'CEGUI/ProgressBar', window renderer 'Falagard/ProgressBar' Look'N'Feel 'TaharezLook/AltProgressBar' and RenderEffect ''. (0012CA54)
01/09/2012 19:27:45 (Std) 	Creating falagard mapping for type 'TaharezLook/ProgressBar' using base type 'CEGUI/ProgressBar', window renderer 'Falagard/ProgressBar' Look'N'Feel 'TaharezLook/ProgressBar' and RenderEffect ''. (0012CA54)
01/09/2012 19:27:45 (Std) 	Creating falagard mapping for type 'TaharezLook/VUMeter' using base type 'CEGUI/ProgressBar', window renderer 'Falagard/ProgressBar' Look'N'Feel 'TaharezLook/VUMeter' and RenderEffect ''. (0012CA54)
01/09/2012 19:27:45 (Std) 	Creating falagard mapping for type 'TaharezLook/VerticalScrollbar' using base type 'CEGUI/Scrollbar', window renderer 'Falagard/Scrollbar' Look'N'Feel 'TaharezLook/VerticalScrollbar' and RenderEffect ''. (0012CA54)
01/09/2012 19:27:45 (Std) 	Creating falagard mapping for type 'TaharezLook/HorizontalScrollbar' using base type 'CEGUI/Scrollbar', window renderer 'Falagard/Scrollbar' Look'N'Feel 'TaharezLook/HorizontalScrollbar' and RenderEffect ''. (0012CA54)
01/09/2012 19:27:45 (Std) 	Creating falagard mapping for type 'TaharezLook/VerticalScrollbarThumb' using base type 'CEGUI/Thumb', window renderer 'Falagard/Button' Look'N'Feel 'TaharezLook/VerticalScrollbarThumb' and RenderEffect ''. (0012CA54)
01/09/2012 19:27:45 (Std) 	Creating falagard mapping for type 'TaharezLook/HorizontalScrollbarThumb' using base type 'CEGUI/Thumb', window renderer 'Falagard/Button' Look'N'Feel 'TaharezLook/HorizontalScrollbarThumb' and RenderEffect ''. (0012CA54)
01/09/2012 19:27:45 (Std) 	Creating falagard mapping for type 'TaharezLook/LargeVerticalScrollbar' using base type 'CEGUI/Scrollbar', window renderer 'Falagard/Scrollbar' Look'N'Feel 'TaharezLook/LargeVerticalScrollbar' and RenderEffect ''. (0012CA54)
01/09/2012 19:27:45 (Std) 	Creating falagard mapping for type 'TaharezLook/LargeVerticalScrollbarThumb' using base type 'CEGUI/Thumb', window renderer 'Falagard/Button' Look'N'Feel 'TaharezLook/LargeVerticalScrollbarThumb' and RenderEffect ''. (0012CA54)
01/09/2012 19:27:45 (Std) 	Creating falagard mapping for type 'TaharezLook/TabButton' using base type 'CEGUI/TabButton', window renderer 'Falagard/TabButton' Look'N'Feel 'TaharezLook/TabButton' and RenderEffect ''. (0012CA54)
01/09/2012 19:27:45 (Std) 	Creating falagard mapping for type 'TaharezLook/TabControl' using base type 'CEGUI/TabControl', window renderer 'Falagard/TabControl' Look'N'Feel 'TaharezLook/TabControl' and RenderEffect ''. (0012CA54)
01/09/2012 19:27:45 (Std) 	Creating falagard mapping for type 'TaharezLook/TabContentPane' using base type 'DefaultWindow', window renderer 'Falagard/Default' Look'N'Feel 'TaharezLook/TabContentPane' and RenderEffect ''. (0012CA54)
01/09/2012 19:27:45 (Std) 	Creating falagard mapping for type 'TaharezLook/TabButtonPane' using base type 'DefaultWindow', window renderer 'Falagard/Default' Look'N'Feel 'TaharezLook/TabButtonPane' and RenderEffect ''. (0012CA54)
01/09/2012 19:27:45 (Std) 	Creating falagard mapping for type 'TaharezLook/ComboDropList' using base type 'CEGUI/ComboDropList', window renderer 'Falagard/Listbox' Look'N'Feel 'TaharezLook/ComboDropList' and RenderEffect ''. (0012CA54)
01/09/2012 19:27:45 (Std) 	Creating falagard mapping for type 'TaharezLook/ComboEditbox' using base type 'CEGUI/Editbox', window renderer 'Falagard/Editbox' Look'N'Feel 'TaharezLook/ComboEditbox' and RenderEffect ''. (0012CA54)
01/09/2012 19:27:45 (Std) 	Creating falagard mapping for type 'TaharezLook/Combobox' using base type 'CEGUI/Combobox', window renderer 'Falagard/Default' Look'N'Feel 'TaharezLook/Combobox' and RenderEffect ''. (0012CA54)
01/09/2012 19:27:45 (Std) 	Creating falagard mapping for type 'TaharezLook/Listbox' using base type 'CEGUI/Listbox', window renderer 'Falagard/Listbox' Look'N'Feel 'TaharezLook/Listbox' and RenderEffect ''. (0012CA54)
01/09/2012 19:27:45 (Std) 	Creating falagard mapping for type 'TaharezLook/ListHeader' using base type 'CEGUI/ListHeader', window renderer 'Falagard/ListHeader' Look'N'Feel 'TaharezLook/ListHeader' and RenderEffect ''. (0012CA54)
01/09/2012 19:27:45 (Std) 	Creating falagard mapping for type 'TaharezLook/ListHeaderSegment' using base type 'CEGUI/ListHeaderSegment', window renderer 'Falagard/ListHeaderSegment' Look'N'Feel 'TaharezLook/ListHeaderSegment' and RenderEffect ''. (0012CA54)
01/09/2012 19:27:45 (Std) 	Creating falagard mapping for type 'TaharezLook/MultiColumnList' using base type 'CEGUI/MultiColumnList', window renderer 'Falagard/MultiColumnList' Look'N'Feel 'TaharezLook/MultiColumnList' and RenderEffect ''. (0012CA54)
01/09/2012 19:27:45 (Std) 	Creating falagard mapping for type 'TaharezLook/Slider' using base type 'CEGUI/Slider', window renderer 'Falagard/Slider' Look'N'Feel 'TaharezLook/Slider' and RenderEffect ''. (0012CA54)
01/09/2012 19:27:45 (Std) 	Creating falagard mapping for type 'TaharezLook/SliderThumb' using base type 'CEGUI/Thumb', window renderer 'Falagard/Button' Look'N'Feel 'TaharezLook/SliderThumb' and RenderEffect ''. (0012CA54)
01/09/2012 19:27:45 (Std) 	Creating falagard mapping for type 'TaharezLook/ScrollablePane' using base type 'CEGUI/ScrollablePane', window renderer 'Falagard/ScrollablePane' Look'N'Feel 'TaharezLook/ScrollablePane' and RenderEffect ''. (0012CA54)
01/09/2012 19:27:45 (Std) 	Creating falagard mapping for type 'TaharezLook/Spinner' using base type 'CEGUI/Spinner', window renderer 'Falagard/Default' Look'N'Feel 'TaharezLook/Spinner' and RenderEffect ''. (0012CA54)
01/09/2012 19:27:45 (Std) 	Creating falagard mapping for type 'TaharezLook/Tooltip' using base type 'CEGUI/Tooltip', window renderer 'Falagard/Tooltip' Look'N'Feel 'TaharezLook/Tooltip' and RenderEffect ''. (0012CA54)
01/09/2012 19:27:45 (Std) 	Creating falagard mapping for type 'TaharezLook/StaticImage' using base type 'DefaultWindow', window renderer 'Falagard/StaticImage' Look'N'Feel 'TaharezLook/StaticImage' and RenderEffect ''. (0012CA54)
01/09/2012 19:27:45 (Std) 	Creating falagard mapping for type 'TaharezLook/StaticText' using base type 'DefaultWindow', window renderer 'Falagard/StaticText' Look'N'Feel 'TaharezLook/StaticText' and RenderEffect ''. (0012CA54)
01/09/2012 19:27:45 (Std) 	Creating falagard mapping for type 'TaharezLook/ItemListbox' using base type 'CEGUI/ItemListbox', window renderer 'Falagard/ItemListbox' Look'N'Feel 'TaharezLook/ItemListbox' and RenderEffect ''. (0012CA54)
01/09/2012 19:27:45 (Std) 	Creating falagard mapping for type 'TaharezLook/ListboxItem' using base type 'CEGUI/ItemEntry', window renderer 'Falagard/ItemEntry' Look'N'Feel 'TaharezLook/ListboxItem' and RenderEffect ''. (0012CA54)
01/09/2012 19:27:45 (Std) 	Creating falagard mapping for type 'TaharezLook/GroupBox' using base type 'CEGUI/GroupBox', window renderer 'Falagard/Default' Look'N'Feel 'TaharezLook/GroupBox' and RenderEffect ''. (0012CA54)
01/09/2012 19:27:45 (Std) 	Creating falagard mapping for type 'TaharezLook/Tree' using base type 'CEGUI/Tree', window renderer 'Falagard/Tree' Look'N'Feel 'TaharezLook/Tree' and RenderEffect ''. (0012CA54)
01/09/2012 19:27:47 (Std) 	---- Successfully completed loading of GUI layout from 'MainGUI.layout' ----
01/09/2012 19:27:47 (Std) 	Attempting to create Imageset 'welcome' using image file 'welcome.png'.
01/09/2012 19:27:48 (Std) 	Attempting to create Imageset 'DejaVuSans-11_auto_glyph_images_ ' with texture only.
01/09/2012 19:27:52 (Std) 	Attempting to create Imageset 'intro2' using image file 'intro2.png'.
01/09/2012 19:27:53 (Std) 	Attempting to create Imageset 'info' using image file 'info.png'.
01/09/2012 19:27:53 (Std) 	---- Successfully completed loading of GUI layout from 'About.layout' ----
01/09/2012 19:27:58 (Std) 	---- Successfully completed loading of GUI layout from 'MainGUI.layout' ----
01/09/2012 19:27:58 (Std) 	Attempting to create Imageset 'welcome' using image file 'welcome.png'.
01/09/2012 19:27:59 (Std) 	---- Returning existing instance of Imageset named 'welcome'.
01/09/2012 19:28:02 (Std) 	Attempting to create Imageset 'intro2' using image file 'intro2.png'.
01/09/2012 19:28:02 (Std) 	---- Returning existing instance of Imageset named 'intro2'.
01/09/2012 19:28:02 (Std) 	Attempting to create Imageset 'help' using image file 'help.png'.
01/09/2012 19:28:03 (Std) 	---- Successfully completed loading of GUI layout from 'CreditGUI.layout' ----
01/09/2012 19:28:05 (Std) 	---- Successfully completed loading of GUI layout from 'MainGUI.layout' ----
01/09/2012 19:28:05 (Std) 	Attempting to create Imageset 'welcome' using image file 'welcome.png'.
01/09/2012 19:28:06 (Std) 	---- Returning existing instance of Imageset named 'welcome'.
01/09/2012 19:28:07 (Std) 	---- Successfully completed loading of GUI layout from 'Options.layout' ----
01/09/2012 19:28:07 (Std) 	Attempting to create Imageset 'intro2' using image file 'intro2.png'.
01/09/2012 19:28:07 (Std) 	---- Returning existing instance of Imageset named 'intro2'.
01/09/2012 19:28:13 (Std) 	---- Successfully completed loading of GUI layout from 'MainGUI.layout' ----
01/09/2012 19:28:13 (Std) 	Attempting to create Imageset 'welcome' using image file 'welcome.png'.
01/09/2012 19:28:14 (Std) 	---- Returning existing instance of Imageset named 'welcome'.
01/09/2012 19:28:15 (Std) 	---- Successfully completed loading of GUI layout from 'SearchServer.layout' ----
01/09/2012 19:28:15 (Std) 	Attempting to create Imageset 'intro3' using image file 'intro3.png'.
01/09/2012 19:28:24 (Std) 	---- Successfully completed loading of GUI layout from 'ChooseMap.layout' ----
01/09/2012 19:28:24 (Std) 	Attempting to create Imageset 'intro1' using image file 'intro1.png'.
01/09/2012 19:28:24 (Std) 	Attempting to create Imageset '1' using image file '1.jpg'.
01/09/2012 19:28:26 (Std) 	Attempting to create Imageset '2' using image file '2.jpg'.
01/09/2012 19:28:35 (Std) 	---- Successfully completed loading of GUI layout from 'UI.layout' ----
