11:36:11: Edge Data
11:36:11: ---------
11:36:11: Triangle 0 = {indexSet=0, vertexSet=0, v0=0, v1=3, v2=1}
11:36:11: Triangle 1 = {indexSet=0, vertexSet=0, v0=0, v1=2, v2=3}
11:36:11: Triangle 2 = {indexSet=0, vertexSet=0, v0=4, v1=7, v2=5}
11:36:11: Triangle 3 = {indexSet=0, vertexSet=0, v0=4, v1=6, v2=7}
11:36:11: Triangle 4 = {indexSet=0, vertexSet=0, v0=8, v1=11, v2=9}
11:36:11: Triangle 5 = {indexSet=0, vertexSet=0, v0=8, v1=10, v2=11}
11:36:11: Edge Group vertexSet=0
11:36:11: Edge 0 = {
  tri0=0, 
  tri1=1, 
  v0=0, 
  v1=3, 
  degenerate=false 
}
11:36:11: Edge 1 = {
  tri0=0, 
  tri1=4294967295, 
  v0=3, 
  v1=1, 
  degenerate=true 
}
11:36:11: Edge 2 = {
  tri0=0, 
  tri1=4294967295, 
  v0=1, 
  v1=0, 
  degenerate=true 
}
11:36:11: Edge 3 = {
  tri0=1, 
  tri1=4294967295, 
  v0=0, 
  v1=2, 
  degenerate=true 
}
11:36:11: Edge 4 = {
  tri0=1, 
  tri1=4294967295, 
  v0=2, 
  v1=3, 
  degenerate=true 
}
11:36:11: Edge 5 = {
  tri0=2, 
  tri1=3, 
  v0=4, 
  v1=7, 
  degenerate=false 
}
11:36:11: Edge 6 = {
  tri0=2, 
  tri1=4294967295, 
  v0=7, 
  v1=5, 
  degenerate=true 
}
11:36:11: Edge 7 = {
  tri0=2, 
  tri1=4294967295, 
  v0=5, 
  v1=4, 
  degenerate=true 
}
11:36:11: Edge 8 = {
  tri0=3, 
  tri1=4294967295, 
  v0=4, 
  v1=6, 
  degenerate=true 
}
11:36:11: Edge 9 = {
  tri0=3, 
  tri1=4294967295, 
  v0=6, 
  v1=7, 
  degenerate=true 
}
11:36:11: Edge 10 = {
  tri0=4, 
  tri1=5, 
  v0=8, 
  v1=11, 
  degenerate=false 
}
11:36:11: Edge 11 = {
  tri0=4, 
  tri1=4294967295, 
  v0=11, 
  v1=9, 
  degenerate=true 
}
11:36:11: Edge 12 = {
  tri0=4, 
  tri1=4294967295, 
  v0=9, 
  v1=8, 
  degenerate=true 
}
11:36:11: Edge 13 = {
  tri0=5, 
  tri1=4294967295, 
  v0=8, 
  v1=10, 
  degenerate=true 
}
11:36:11: Edge 14 = {
  tri0=5, 
  tri1=4294967295, 
  v0=10, 
  v1=11, 
  degenerate=true 
}
