11:09:04: Creating resource group General
11:09:04: Creating resource group Internal
11:09:04: Creating resource group Autodetect
11:09:04: SceneManagerFactory for type 'DefaultSceneManager' registered.
11:09:04: Registering ResourceManager for type Material
11:09:04: Registering ResourceManager for type Mesh
11:09:04: Registering ResourceManager for type Skeleton
11:09:04: MovableObjectFactory for type 'ParticleSystem' registered.
11:09:04: OverlayElementFactory for type Panel registered.
11:09:04: OverlayElementFactory for type BorderPanel registered.
11:09:04: OverlayElementFactory for type TextArea registered.
11:09:04: Registering ResourceManager for type Font
11:09:04: ArchiveFactory for archive type FileSystem registered.
11:09:04: ArchiveFactory for archive type Zip registered.
11:09:04: DDS codec registering
11:09:04: FreeImage version: 3.13.1
11:09:04: This program uses FreeImage, a free, open source image library supporting all common bitmap formats. See http://freeimage.sourceforge.net for details
11:09:04: Supported formats: bmp,ico,jpg,jif,jpeg,jpe,jng,koa,iff,lbm,mng,pbm,pbm,pcd,pcx,pgm,pgm,png,ppm,ppm,ras,tga,targa,tif,tiff,wap,wbmp,wbm,psd,cut,xbm,xpm,gif,hdr,g3,sgi,exr,j2k,j2c,jp2,pfm,pct,pict,pic,bay,bmq,cr2,crw,cs1,dc2,dcr,dng,erf,fff,hdr,k25,kdc,mdc,mos,mrw,nef,orf,pef,pxn,raf,raw,rdc,sr2,srf,arw,3fr,cine,ia,kc2,mef,nrw,qtk,rw2,sti,drf,dsc,ptx,cap,iiq,rwz
11:09:04: Registering ResourceManager for type HighLevelGpuProgram
11:09:04: Registering ResourceManager for type Compositor
11:09:04: MovableObjectFactory for type 'Entity' registered.
11:09:04: MovableObjectFactory for type 'Light' registered.
11:09:04: MovableObjectFactory for type 'BillboardSet' registered.
11:09:04: MovableObjectFactory for type 'ManualObject' registered.
11:09:04: MovableObjectFactory for type 'BillboardChain' registered.
11:09:04: MovableObjectFactory for type 'RibbonTrail' registered.
11:09:04: Loading library .\RenderSystem_Direct3D9_d
11:09:04: Installing plugin: D3D9 RenderSystem
11:09:04: D3D9 : Direct3D9 Rendering Subsystem created.
11:09:04: D3D9: Driver Detection Starts
11:09:04: D3D9: Driver Detection Ends
11:09:04: Plugin successfully installed
11:09:04: Loading library .\RenderSystem_GL_d
11:09:04: Installing plugin: GL RenderSystem
11:09:04: OpenGL Rendering Subsystem created.
11:09:05: Plugin successfully installed
11:09:05: Loading library .\Plugin_ParticleFX_d
11:09:05: Installing plugin: ParticleFX
11:09:05: Particle Emitter Type 'Point' registered
11:09:05: Particle Emitter Type 'Box' registered
11:09:05: Particle Emitter Type 'Ellipsoid' registered
11:09:05: Particle Emitter Type 'Cylinder' registered
11:09:05: Particle Emitter Type 'Ring' registered
11:09:05: Particle Emitter Type 'HollowEllipsoid' registered
11:09:05: Particle Affector Type 'LinearForce' registered
11:09:05: Particle Affector Type 'ColourFader' registered
11:09:05: Particle Affector Type 'ColourFader2' registered
11:09:05: Particle Affector Type 'ColourImage' registered
11:09:05: Particle Affector Type 'ColourInterpolator' registered
11:09:05: Particle Affector Type 'Scaler' registered
11:09:05: Particle Affector Type 'Rotator' registered
11:09:05: Particle Affector Type 'DirectionRandomiser' registered
11:09:05: Particle Affector Type 'DeflectorPlane' registered
11:09:05: Plugin successfully installed
11:09:05: Loading library .\Plugin_BSPSceneManager_d
11:09:05: Installing plugin: BSP Scene Manager
11:09:05: Plugin successfully installed
11:09:05: Loading library .\Plugin_CgProgramManager_d
11:09:05: Installing plugin: Cg Program Manager
11:09:05: Plugin successfully installed
11:09:05: Loading library .\Plugin_PCZSceneManager_d
11:09:05: Installing plugin: Portal Connected Zone Scene Manager
11:09:05: PCZone Factory Type 'ZoneType_Default' registered
11:09:05: Plugin successfully installed
11:09:05: Loading library .\Plugin_OctreeZone_d
11:09:05: Installing plugin: Octree Zone Factory
11:09:05: Plugin successfully installed
11:09:05: Loading library .\Plugin_OctreeSceneManager_d
11:09:05: Installing plugin: Octree & Terrain Scene Manager
11:09:05: Plugin successfully installed
11:09:05: *-*-* OGRE Initialising
11:09:05: *-*-* Version 1.7.4 (Cthugha)
11:09:05: Creating resource group Essential
11:09:05: Added resource location 'E:/ogre_src_v1-7-4/Samples/Media/thumbnails' of type 'FileSystem' to resource group 'Essential'
11:09:05: Added resource location 'E:/ogre_src_v1-7-4/Samples/Media/packs/SdkTrays.zip' of type 'Zip' to resource group 'Essential'
11:09:05: Creating resource group Fonts
11:09:05: Added resource location 'E:/ogre_src_v1-7-4/CEGUI/datafiles/fonts' of type 'FileSystem' to resource group 'Fonts'
11:09:05: Added resource location 'E:/ogre_src_v1-7-4/Samples/Media' of type 'FileSystem' to resource group 'General'
11:09:05: Added resource location 'C:/Users/neo/OgitorProjects/bin' of type 'FileSystem' to resource group 'General'
11:09:05: Added resource location 'C:/Users/neo/OgitorProjects' of type 'FileSystem' to resource group 'General'
11:09:05: Added resource location 'E:/Program Files/Ogitor/Projects/SampleScene3' of type 'FileSystem' to resource group 'General'
11:09:05: Added resource location 'E:/Program Files/Ogitor/Media' of type 'FileSystem' to resource group 'General'
11:09:05: Creating resource group Imagesets
11:09:05: Added resource location 'E:/ogre_src_v1-7-4/CEGUI/datafiles/imagesets' of type 'FileSystem' to resource group 'Imagesets'
11:09:05: Creating resource group Layouts
11:09:05: Added resource location 'E:/ogre_src_v1-7-4/CEGUI/datafiles/layouts' of type 'FileSystem' to resource group 'Layouts'
11:09:05: Creating resource group LookNFeel
11:09:05: Added resource location 'E:/ogre_src_v1-7-4/CEGUI/datafiles/looknfeel' of type 'FileSystem' to resource group 'LookNFeel'
11:09:05: Creating resource group Popular
11:09:05: Added resource location 'E:/ogre_src_v1-7-4/Samples/Media/fonts' of type 'FileSystem' to resource group 'Popular'
11:09:05: Added resource location 'E:/ogre_src_v1-7-4/Samples/Media/materials/programs' of type 'FileSystem' to resource group 'Popular'
11:09:05: Added resource location 'E:/ogre_src_v1-7-4/Samples/Media/materials/scripts' of type 'FileSystem' to resource group 'Popular'
11:09:05: Added resource location 'E:/ogre_src_v1-7-4/Samples/Media/materials/textures' of type 'FileSystem' to resource group 'Popular'
11:09:05: Added resource location 'E:/ogre_src_v1-7-4/Samples/Media/materials/textures/nvidia' of type 'FileSystem' to resource group 'Popular'
11:09:05: Added resource location 'E:/ogre_src_v1-7-4/Samples/Media/models' of type 'FileSystem' to resource group 'Popular'
11:09:05: Added resource location 'E:/ogre_src_v1-7-4/Samples/Media/particle' of type 'FileSystem' to resource group 'Popular'
11:09:05: Added resource location 'E:/ogre_src_v1-7-4/Samples/Media/DeferredShadingMedia' of type 'FileSystem' to resource group 'Popular'
11:09:05: Added resource location 'E:/ogre_src_v1-7-4/Samples/Media/PCZAppMedia' of type 'FileSystem' to resource group 'Popular'
11:09:05: Added resource location 'E:/ogre_src_v1-7-4/Samples/Media/RTShaderLib' of type 'FileSystem' to resource group 'Popular'
11:09:05: Added resource location 'E:/ogre_src_v1-7-4/Samples/Media/RTShaderLib/materials' of type 'FileSystem' to resource group 'Popular'
11:09:05: Added resource location 'E:/ogre_src_v1-7-4/Samples/Media/packs/cubemap.zip' of type 'Zip' to resource group 'Popular'
11:09:05: Added resource location 'E:/ogre_src_v1-7-4/Samples/Media/packs/cubemapsJS.zip' of type 'Zip' to resource group 'Popular'
11:09:05: Added resource location 'E:/ogre_src_v1-7-4/Samples/Media/packs/dragon.zip' of type 'Zip' to resource group 'Popular'
11:09:05: Added resource location 'E:/ogre_src_v1-7-4/Samples/Media/packs/fresneldemo.zip' of type 'Zip' to resource group 'Popular'
11:09:05: Added resource location 'E:/ogre_src_v1-7-4/Samples/Media/packs/ogretestmap.zip' of type 'Zip' to resource group 'Popular'
11:09:05: Added resource location 'E:/ogre_src_v1-7-4/Samples/Media/packs/ogredance.zip' of type 'Zip' to resource group 'Popular'
11:09:05: Added resource location 'E:/ogre_src_v1-7-4/Samples/Media/packs/Sinbad.zip' of type 'Zip' to resource group 'Popular'
11:09:05: Added resource location 'E:/ogre_src_v1-7-4/Samples/Media/packs/skybox.zip' of type 'Zip' to resource group 'Popular'
11:09:05: Creating resource group Schemes
11:09:05: Added resource location 'E:/ogre_src_v1-7-4/CEGUI/datafiles/schemes' of type 'FileSystem' to resource group 'Schemes'
11:09:05: D3D9 : RenderSystem Option: Allow NVPerfHUD = No
11:09:05: D3D9 : RenderSystem Option: FSAA = 0
11:09:05: D3D9 : RenderSystem Option: Floating-point mode = Fastest
11:09:05: D3D9 : RenderSystem Option: Full Screen = No
11:09:05: D3D9 : RenderSystem Option: Rendering Device = Monitor-1-NVIDIA GeForce GT 240M LE
11:09:05: D3D9 : RenderSystem Option: Resource Creation Policy = Create on all devices
11:09:05: D3D9 : RenderSystem Option: VSync = No
11:09:05: D3D9 : RenderSystem Option: VSync Interval = 1
11:09:05: D3D9 : RenderSystem Option: Video Mode = 800 x 600 @ 32-bit colour
11:09:05: D3D9 : RenderSystem Option: sRGB Gamma Conversion = No
11:09:07: CPU Identifier & Features
11:09:07: -------------------------
11:09:07:  *   CPU ID: GenuineIntel: Intel(R) Core(TM)2 Duo CPU     T6600  @ 2.20GHz
11:09:07:  *      SSE: yes
11:09:07:  *     SSE2: yes
11:09:07:  *     SSE3: yes
11:09:07:  *      MMX: yes
11:09:07:  *   MMXEXT: yes
11:09:07:  *    3DNOW: no
11:09:07:  * 3DNOWEXT: no
11:09:07:  *     CMOV: yes
11:09:07:  *      TSC: yes
11:09:07:  *      FPU: yes
11:09:07:  *      PRO: yes
11:09:07:  *       HT: no
11:09:07: -------------------------
11:09:07: D3D9 : Subsystem Initialising
11:09:07: Registering ResourceManager for type Texture
11:09:07: Registering ResourceManager for type GpuProgram
11:09:07: D3D9RenderSystem::_createRenderWindow "TutorialApplication Render Window", 800x600 windowed  miscParams: FSAA=0 FSAAHint= colourDepth=32 gamma=false monitorIndex=0 useNVPerfHUD=false vsync=false vsyncInterval=1 
11:09:07: D3D9 : Created D3D9 Rendering Window 'TutorialApplication Render Window' : 800x600, 32bpp
11:09:07: D3D9 : WARNING - disabling VSync in windowed mode can cause timing issues at lower frame rates, turn VSync on if you observe this problem.
11:09:07: D3D9: Vertex texture format supported - PF_FLOAT16_RGB
11:09:07: D3D9: Vertex texture format supported - PF_FLOAT16_RGBA
11:09:07: D3D9: Vertex texture format supported - PF_FLOAT32_RGB
11:09:07: D3D9: Vertex texture format supported - PF_FLOAT32_RGBA
11:09:07: D3D9: Vertex texture format supported - PF_FLOAT16_R
11:09:07: D3D9: Vertex texture format supported - PF_FLOAT32_R
11:09:07: D3D9: Vertex texture format supported - PF_FLOAT16_GR
11:09:07: D3D9: Vertex texture format supported - PF_FLOAT32_GR
11:09:07: RenderSystem capabilities
11:09:07: -------------------------
11:09:07: RenderSystem Name: Direct3D9 Rendering Subsystem
11:09:07: GPU Vendor: nvidia
11:09:07: Device Name: Monitor-1-NVIDIA GeForce GT 240M LE
11:09:07: Driver Version: 8.16.11.8815
11:09:07:  * Fixed function pipeline: yes
11:09:07:  * Hardware generation of mipmaps: yes
11:09:07:  * Texture blending: yes
11:09:07:  * Anisotropic texture filtering: yes
11:09:07:  * Dot product texture operation: yes
11:09:07:  * Cube mapping: yes
11:09:07:  * Hardware stencil buffer: yes
11:09:07:    - Stencil depth: 8
11:09:07:    - Two sided stencil support: yes
11:09:07:    - Wrap stencil values: yes
11:09:07:  * Hardware vertex / index buffers: yes
11:09:07:  * Vertex programs: yes
11:09:07:  * Number of floating-point constants for vertex programs: 256
11:09:07:  * Number of integer constants for vertex programs: 16
11:09:07:  * Number of boolean constants for vertex programs: 16
11:09:07:  * Fragment programs: yes
11:09:07:  * Number of floating-point constants for fragment programs: 224
11:09:07:  * Number of integer constants for fragment programs: 16
11:09:07:  * Number of boolean constants for fragment programs: 16
11:09:07:  * Geometry programs: no
11:09:07:  * Number of floating-point constants for geometry programs: 0
11:09:07:  * Number of integer constants for geometry programs: 8
11:09:07:  * Number of boolean constants for geometry programs: 0
11:09:07:  * Supported Shader Profiles: hlsl ps_1_1 ps_1_2 ps_1_3 ps_1_4 ps_2_0 ps_2_a ps_2_b ps_2_x ps_3_0 vs_1_1 vs_2_0 vs_2_a vs_2_x vs_3_0
11:09:07:  * Texture Compression: yes
11:09:07:    - DXT: yes
11:09:07:    - VTC: no
11:09:07:    - PVRTC: no
11:09:07:  * Scissor Rectangle: yes
11:09:07:  * Hardware Occlusion Query: yes
11:09:07:  * User clip planes: yes
11:09:07:  * VET_UBYTE4 vertex element type: yes
11:09:07:  * Infinite far plane projection: yes
11:09:07:  * Hardware render-to-texture: yes
11:09:07:  * Floating point textures: yes
11:09:07:  * Non-power-of-two textures: yes
11:09:07:  * Volume textures: yes
11:09:07:  * Multiple Render Targets: 4
11:09:07:    - With different bit depths: yes
11:09:07:  * Point Sprites: yes
11:09:07:  * Extended point parameters: yes
11:09:07:  * Max Point Size: 10
11:09:07:  * Vertex texture fetch: yes
11:09:07:  * Number of world matrices: 0
11:09:07:  * Number of texture units: 8
11:09:07:  * Stencil buffer depth: 8
11:09:07:  * Number of vertex blend matrices: 0
11:09:07:    - Max vertex textures: 4
11:09:07:    - Vertex textures shared: no
11:09:07:  * Render to Vertex Buffer : no
11:09:07:  * DirectX per stage constants: yes
11:09:07: ***************************************
11:09:07: *** D3D9 : Subsystem Initialised OK ***
11:09:07: ***************************************
11:09:07: DefaultWorkQueue('Root') initialising on thread main.
11:09:07: Particle Renderer Type 'billboard' registered
11:09:07: SceneManagerFactory for type 'BspSceneManager' registered.
11:09:07: Registering ResourceManager for type BspLevel
11:09:07: SceneManagerFactory for type 'PCZSceneManager' registered.
11:09:07: MovableObjectFactory for type 'PCZLight' registered.
11:09:07: MovableObjectFactory for type 'Portal' registered.
11:09:07: MovableObjectFactory for type 'AntiPortal' registered.
11:09:07: PCZone Factory Type 'ZoneType_Octree' registered
11:09:07: PCZone Factory Type 'ZoneType_Terrain' registered
11:09:07: SceneManagerFactory for type 'OctreeSceneManager' registered.
11:09:07: SceneManagerFactory for type 'TerrainSceneManager' registered.
11:09:07: Parsing scripts for resource group Autodetect
11:09:07: Finished parsing scripts for resource group Autodetect
11:09:07: Parsing scripts for resource group Essential
11:09:07: Parsing script SdkTrays.material
11:09:07: Parsing script SdkTrays.fontdef
11:09:07: Parsing script SdkTrays.overlay
11:09:07: Bad element attribute line: '# you can offset the image to change the cursor "hotspot"' for element SdkTrays/Cursor in overlay 
11:09:07: Texture: sdk_cursor.png: Loading 1 faces(PF_A8R8G8B8,32x32x1) with  hardware generated mipmaps from Image. Internal format is PF_A8R8G8B8,32x32x1.
11:09:07: Texture: sdk_tray.png: Loading 1 faces(PF_A8R8G8B8,64x64x1) with  hardware generated mipmaps from Image. Internal format is PF_A8R8G8B8,64x64x1.
11:09:07: Texture: sdk_button_up.png: Loading 1 faces(PF_A8R8G8B8,128x32x1) with  hardware generated mipmaps from Image. Internal format is PF_A8R8G8B8,128x32x1.
11:09:07: Texture: sdk_text_box.png: Loading 1 faces(PF_A8R8G8B8,32x32x1) with  hardware generated mipmaps from Image. Internal format is PF_A8R8G8B8,32x32x1.
11:09:07: Texture: sdk_mini_tray.png: Loading 1 faces(PF_A8R8G8B8,32x32x1) with  hardware generated mipmaps from Image. Internal format is PF_A8R8G8B8,32x32x1.
11:09:07: Texture: sdk_track.png: Loading 1 faces(PF_A8R8G8B8,16x32x1) with  hardware generated mipmaps from Image. Internal format is PF_A8R8G8B8,16x32x1.
11:09:07: Texture: sdk_handle.png: Loading 1 faces(PF_A8R8G8B8,16x16x1) with  hardware generated mipmaps from Image. Internal format is PF_A8R8G8B8,16x16x1.
11:09:07: Texture: sdk_mini_text_box.png: Loading 1 faces(PF_A8R8G8B8,32x32x1) with  hardware generated mipmaps from Image. Internal format is PF_A8R8G8B8,32x32x1.
11:09:07: Texture: sdk_label.png: Loading 1 faces(PF_A8R8G8B8,32x32x1) with  hardware generated mipmaps from Image. Internal format is PF_A8R8G8B8,32x32x1.
11:09:07: Texture: sdk_separator.png: Loading 1 faces(PF_A8R8G8B8,64x16x1) with  hardware generated mipmaps from Image. Internal format is PF_A8R8G8B8,64x16x1.
11:09:07: Texture: sdk_logo.png: Loading 1 faces(PF_A8R8G8B8,128x64x1) with  hardware generated mipmaps from Image. Internal format is PF_A8R8G8B8,128x64x1.
11:09:07: Texture: sdk_shade.png: Loading 1 faces(PF_A8R8G8B8,64x48x1) with 5 generated mipmaps from Image. Internal format is PF_A8R8G8B8,64x48x1.
11:09:07: Texture: sdk_frame.png: Loading 1 faces(PF_A8R8G8B8,32x32x1) with  hardware generated mipmaps from Image. Internal format is PF_A8R8G8B8,32x32x1.
11:09:07: Texture: sdk_mini_text_box_over.png: Loading 1 faces(PF_A8R8G8B8,32x32x1) with  hardware generated mipmaps from Image. Internal format is PF_A8R8G8B8,32x32x1.
11:09:07: Texture: sdk_pulse.png: Loading 1 faces(PF_R8G8B8,8x1x1) with  hardware generated mipmaps from Image. Internal format is PF_X8R8G8B8,8x1x1.
11:09:07: Finished parsing scripts for resource group Essential
11:09:07: Parsing scripts for resource group Fonts
11:09:07: Finished parsing scripts for resource group Fonts
11:09:07: Parsing scripts for resource group General
11:09:07: Finished parsing scripts for resource group General
11:09:07: Parsing scripts for resource group Imagesets
11:09:07: Finished parsing scripts for resource group Imagesets
11:09:07: Parsing scripts for resource group Internal
11:09:07: Finished parsing scripts for resource group Internal
11:09:07: Parsing scripts for resource group Layouts
11:09:07: Finished parsing scripts for resource group Layouts
11:09:07: Parsing scripts for resource group LookNFeel
11:09:07: Finished parsing scripts for resource group LookNFeel
11:09:07: Parsing scripts for resource group Popular
11:09:07: Parsing script Examples.program
11:09:07: Parsing script StdQuad_vp.program
11:09:07: Parsing script deferred_post.program
11:09:07: Parsing script ShadowCaster.program
11:09:07: Parsing script ASCII.material
11:09:07: Parsing script ASMSwizzle.material
11:09:07: Compiler error: object unsupported by render system in ASMSwizzle.material(1)
11:09:07: Parsing script big_map.material
11:09:07: Parsing script BlackAndWhite.material
11:09:07: Parsing script Bloom.material
11:09:07: Parsing script Bloom2.material
11:09:07: Parsing script CGSwizzle.material
11:09:07: Parsing script CompositorDemo.material
11:09:07: Parsing script c_rat.material
11:09:07: Parsing script DepthShadowmap.material
11:09:08: Parsing script Dither.material
11:09:08: Parsing script DOF.material
11:09:08: Parsing script Embossed.material
11:09:08: Parsing script Example-Water.material
11:09:08: Parsing script Examples-Advanced.material
11:09:08: Parsing script Examples-DynTex.material
11:09:08: Parsing script Examples-Water.material
11:09:08: Parsing script Examples.material
11:09:08: OGRE EXCEPTION(2:InvalidParametersException): Parameter called camObjPos does not exist.  in GpuProgramParameters::_findNamedConstantDefinition at src\OgreGpuProgramParams.cpp (line 1435)
11:09:08: Compiler error: invalid parameters in Examples.material(837): setting of constant failed
11:09:08: Parsing script facial.material
11:09:08: Parsing script flat_plane.material
11:09:08: Parsing script Glass.material
11:09:08: Parsing script GLSLSwizzle.material
11:09:08: Parsing script gun.material
11:09:08: Parsing script Halftone.material
11:09:08: Parsing script hdr.material
11:09:08: Parsing script HeatVision.material
11:09:08: Parsing script Hurt.material
11:09:08: Parsing script instancing.material
11:09:08: Parsing script Invert.material
11:09:08: Parsing script IsoSurf.material
11:09:08: Parsing script Laplace.material
11:09:08: Parsing script M60_Tank.material
11:09:09: Parsing script MotionBlur.material
11:09:09: Parsing script MRTtest.material
11:09:09: Parsing script NightVision.material
11:09:09: Parsing script Ocean.material
11:09:09: Parsing script OffsetMapping.material
11:09:09: Parsing script Ogre.material
11:09:09: Parsing script Ogre3DBeginnersGuide.material
11:09:09: OGRE EXCEPTION(6:FileNotFoundException): Cannot locate resource Ogre3DBeginnerGuideShader.cg in resource group Popular or any other group. in ResourceGroupManager::openResource at src\OgreResourceGroupManager.cpp (line 753)
11:09:09: High-level program MyVertexShader6 encountered an error during loading and is thus not supported.
OGRE EXCEPTION(6:FileNotFoundException): Cannot locate resource Ogre3DBeginnerGuideShader.cg in resource group Popular or any other group. in ResourceGroupManager::openResource at src\OgreResourceGroupManager.cpp (line 753)
11:09:09: OGRE EXCEPTION(2:InvalidParametersException): Named constants have not been initialised, perhaps a compile error. in GpuProgramParameters::_findNamedConstantDefinition at src\OgreGpuProgramParams.cpp (line 1425)
11:09:09: Compiler error: invalid parameters in Ogre3DBeginnersGuide.material(415): setting of constant failed
11:09:09: Compiler error: reference to a non existing object in Ogre3DBeginnersGuide.material(436)
11:09:09: Parsing script OldMovie.material
11:09:09: Parsing script OldTV.material
11:09:09: Parsing script ParticleGS.material
11:09:09: OGRE EXCEPTION(7:InternalErrorException): Unable to compile Cg program Ogre/ParticleGS/GenerateVS: CG ERROR : "The compile returned an error."
(0) : error C6015: Output 'POSITION' not completely written
 in CgProgram::loadFromSource at src\OgreCgProgramManagerDll.cpp (line 67)
11:09:09: High-level program Ogre/ParticleGS/GenerateVS encountered an error during loading and is thus not supported.
OGRE EXCEPTION(7:InternalErrorException): Unable to compile Cg program Ogre/ParticleGS/GenerateVS: CG ERROR : "The compile returned an error."
(0) : error C6015: Output 'POSITION' not completely written
 in CgProgram::loadFromSource at src\OgreCgProgramManagerDll.cpp (line 67)
11:09:09: OGRE EXCEPTION(7:InternalErrorException): Unable to compile Cg program Ogre/ParticleGS/DisplayVS: CG ERROR : "The compile returned an error."
(249) : warning C7050: "output.color" might be used before being initialized
(0) : error C6015: Output 'POSITION' not completely written
 in CgProgram::loadFromSource at src\OgreCgProgramManagerDll.cpp (line 67)
11:09:09: High-level program Ogre/ParticleGS/DisplayVS encountered an error during loading and is thus not supported.
OGRE EXCEPTION(7:InternalErrorException): Unable to compile Cg program Ogre/ParticleGS/DisplayVS: CG ERROR : "The compile returned an error."
(249) : warning C7050: "output.color" might be used before being initialized
(0) : error C6015: Output 'POSITION' not completely written
 in CgProgram::loadFromSource at src\OgreCgProgramManagerDll.cpp (line 67)
11:09:09: OGRE EXCEPTION(7:InternalErrorException): Unable to compile Cg program Ogre/ParticleGS/DisplayPS: CG ERROR : "The compile returned an error."
(323) : fatal error C9999: unexpected cast operation
 in CgProgram::loadFromSource at src\OgreCgProgramManagerDll.cpp (line 67)
11:09:09: High-level program Ogre/ParticleGS/DisplayPS encountered an error during loading and is thus not supported.
OGRE EXCEPTION(7:InternalErrorException): Unable to compile Cg program Ogre/ParticleGS/DisplayPS: CG ERROR : "The compile returned an error."
(323) : fatal error C9999: unexpected cast operation
 in CgProgram::loadFromSource at src\OgreCgProgramManagerDll.cpp (line 67)
11:09:09: Parsing script Penguin.material
11:09:09: Parsing script plane.material
11:09:09: Parsing script Posterize.material
11:09:09: Parsing script pssm.material
11:09:09: Parsing script RadialBlur.material
11:09:09: Parsing script RZR-002.material
11:09:09: Parsing script Scene.material
11:09:09: Parsing script ShaderSystem.material
11:09:09: Parsing script shadows.material
11:09:09: Parsing script SharpenEdges.material
11:09:09: Parsing script sibenik.material
11:09:09: Parsing script smoke.material
11:09:09: Parsing script snow.material
11:09:09: Parsing script Tiling.material
11:09:09: Parsing script VarianceShadowmap.material
11:09:09: Parsing script c_turtle.material
11:09:09: Parsing script c_urukb.material
11:09:09: Parsing script PLC_oak101.material
11:09:09: Parsing script Sinbad.material
11:09:09: Parsing script deferreddemo.material
11:09:09: Parsing script deferred_post.material
11:09:09: Parsing script deferred_post_minilight.material
11:09:09: Parsing script ShadowCaster.material
11:09:09: Parsing script ssao.material
11:09:09: Parsing script ROOM.material
11:09:09: Parsing script RTShaderSystem.material
11:09:09: Compiler error: unknown error in RTShaderSystem.material(23): token "rtshader_system" is not recognized
11:09:09: Compiler error: unknown error in RTShaderSystem.material(52): token "rtshader_system" is not recognized
11:09:09: Compiler error: unknown error in RTShaderSystem.material(81): token "rtshader_system" is not recognized
11:09:09: Compiler error: unknown error in RTShaderSystem.material(110): token "rtshader_system" is not recognized
11:09:09: Compiler error: unknown error in RTShaderSystem.material(146): token "rtshader_system" is not recognized
11:09:09: Compiler error: unknown error in RTShaderSystem.material(81): token "rtshader_system" is not recognized
11:09:09: Compiler error: unknown error in RTShaderSystem.material(162): token "rtshader_system" is not recognized
11:09:09: Compiler error: unknown error in RTShaderSystem.material(81): token "rtshader_system" is not recognized
11:09:09: Compiler error: unknown error in RTShaderSystem.material(110): token "rtshader_system" is not recognized
11:09:09: Parsing script RomanBath.material
11:09:09: Parsing script Sinbad.material
11:09:09: Parsing script emitted_emitter.particle
11:09:09: Parsing script Examples-Water.particle
11:09:09: Parsing script Examples.particle
11:09:09: Parsing script smoke.particle
11:09:09: Parsing script Examples.compositor
11:09:10: Parsing script deferred.compositor
11:09:10: Parsing script ssao.compositor
11:09:10: Parsing script sample.fontdef
11:09:10: Finished parsing scripts for resource group Popular
11:09:10: Parsing scripts for resource group Schemes
11:09:10: Finished parsing scripts for resource group Schemes
11:09:10: Mesh: Loading Mech.mesh.
11:09:10: Skeleton: Loading Mech.skeleton
11:09:10: WARNING: Mech.mesh is an older format ([MeshSerializer_v1.40]); you should upgrade it as soon as possible using the OgreMeshUpgrade tool.
11:09:10: Mesh: Loading barrel.mesh.
11:09:10: Texture: RustyBarrel.png: Loading 1 faces(PF_R8G8B8,256x256x1) with  hardware generated mipmaps from Image. Internal format is PF_X8R8G8B8,256x256x1.
11:09:10: Texture: BumpyMetal.jpg: Loading 1 faces(PF_R8G8B8,512x512x1) with  hardware generated mipmaps from Image. Internal format is PF_X8R8G8B8,512x512x1.
11:09:10: *** Initializing OIS ***
11:09:10: Texture: spot_shadow_fade.png: Loading 1 faces(PF_R8G8B8,128x128x1) with  hardware generated mipmaps from Image. Internal format is PF_X8R8G8B8,128x128x1.
11:09:10: Font SdkTrays/Valueusing texture size 512x512
11:09:10: Info: Freetype returned null for character 127 in font SdkTrays/Value
11:09:10: Info: Freetype returned null for character 128 in font SdkTrays/Value
11:09:10: Info: Freetype returned null for character 129 in font SdkTrays/Value
11:09:10: Info: Freetype returned null for character 130 in font SdkTrays/Value
11:09:10: Info: Freetype returned null for character 131 in font SdkTrays/Value
11:09:10: Info: Freetype returned null for character 132 in font SdkTrays/Value
11:09:10: Info: Freetype returned null for character 133 in font SdkTrays/Value
11:09:10: Info: Freetype returned null for character 134 in font SdkTrays/Value
11:09:10: Info: Freetype returned null for character 135 in font SdkTrays/Value
11:09:10: Info: Freetype returned null for character 136 in font SdkTrays/Value
11:09:10: Info: Freetype returned null for character 137 in font SdkTrays/Value
11:09:10: Info: Freetype returned null for character 138 in font SdkTrays/Value
11:09:10: Info: Freetype returned null for character 139 in font SdkTrays/Value
11:09:10: Info: Freetype returned null for character 140 in font SdkTrays/Value
11:09:10: Info: Freetype returned null for character 141 in font SdkTrays/Value
11:09:10: Info: Freetype returned null for character 142 in font SdkTrays/Value
11:09:10: Info: Freetype returned null for character 143 in font SdkTrays/Value
11:09:10: Info: Freetype returned null for character 144 in font SdkTrays/Value
11:09:10: Info: Freetype returned null for character 145 in font SdkTrays/Value
11:09:10: Info: Freetype returned null for character 146 in font SdkTrays/Value
11:09:10: Info: Freetype returned null for character 147 in font SdkTrays/Value
11:09:10: Info: Freetype returned null for character 148 in font SdkTrays/Value
11:09:10: Info: Freetype returned null for character 149 in font SdkTrays/Value
11:09:10: Info: Freetype returned null for character 150 in font SdkTrays/Value
11:09:10: Info: Freetype returned null for character 151 in font SdkTrays/Value
11:09:10: Info: Freetype returned null for character 152 in font SdkTrays/Value
11:09:10: Info: Freetype returned null for character 153 in font SdkTrays/Value
11:09:10: Info: Freetype returned null for character 154 in font SdkTrays/Value
11:09:10: Info: Freetype returned null for character 155 in font SdkTrays/Value
11:09:10: Info: Freetype returned null for character 156 in font SdkTrays/Value
11:09:10: Info: Freetype returned null for character 157 in font SdkTrays/Value
11:09:10: Info: Freetype returned null for character 158 in font SdkTrays/Value
11:09:10: Info: Freetype returned null for character 159 in font SdkTrays/Value
11:09:10: Info: Freetype returned null for character 160 in font SdkTrays/Value
11:09:10: Texture: SdkTrays/ValueTexture: Loading 1 faces(PF_BYTE_LA,512x512x1) with 0 generated mipmaps from Image. Internal format is PF_BYTE_LA,512x512x1.
11:09:10: Font SdkTrays/Captionusing texture size 512x256
11:09:10: Info: Freetype returned null for character 160 in font SdkTrays/Caption
11:09:10: Texture: SdkTrays/CaptionTexture: Loading 1 faces(PF_BYTE_LA,512x256x1) with 0 generated mipmaps from Image. Internal format is PF_BYTE_LA,512x256x1.
11:09:12: DefaultWorkQueue('Root') shutting down on thread main.
11:09:12: PCZone Factory Type 'ZoneType_Octree' unregistered
11:09:12: PCZone Factory Type 'ZoneType_Terrain' unregistered
11:09:12: Unregistering ResourceManager for type BspLevel
11:09:12: *-*-* OGRE Shutdown
11:09:12: Unregistering ResourceManager for type Compositor
11:09:12: Unregistering ResourceManager for type Font
11:09:12: Unregistering ResourceManager for type Skeleton
11:09:12: Unregistering ResourceManager for type Mesh
11:09:12: Unregistering ResourceManager for type HighLevelGpuProgram
11:09:12: Uninstalling plugin: Octree & Terrain Scene Manager
11:09:12: Plugin successfully uninstalled
11:09:12: Unloading library .\Plugin_OctreeSceneManager_d
11:09:12: Uninstalling plugin: Octree Zone Factory
11:09:12: Plugin successfully uninstalled
11:09:12: Unloading library .\Plugin_OctreeZone_d
11:09:12: Uninstalling plugin: Portal Connected Zone Scene Manager
11:09:12: Plugin successfully uninstalled
11:09:12: Unloading library .\Plugin_PCZSceneManager_d
11:09:12: Uninstalling plugin: Cg Program Manager
11:09:12: Plugin successfully uninstalled
11:09:12: Unloading library .\Plugin_CgProgramManager_d
11:09:12: Uninstalling plugin: BSP Scene Manager
11:09:12: Plugin successfully uninstalled
11:09:12: Unloading library .\Plugin_BSPSceneManager_d
11:09:12: Uninstalling plugin: ParticleFX
11:09:12: Plugin successfully uninstalled
11:09:12: Unloading library .\Plugin_ParticleFX_d
11:09:12: Uninstalling plugin: GL RenderSystem
11:09:12: *** Stopping Win32GL Subsystem ***
11:09:12: Plugin successfully uninstalled
11:09:12: Unloading library .\RenderSystem_GL_d
11:09:12: Uninstalling plugin: D3D9 RenderSystem
11:09:12: D3D9 : Shutting down cleanly.
11:09:12: Unregistering ResourceManager for type Texture
11:09:12: Unregistering ResourceManager for type GpuProgram
11:09:12: D3D9 : Direct3D9 Rendering Subsystem destroyed.
11:09:12: Plugin successfully uninstalled
11:09:12: Unloading library .\RenderSystem_Direct3D9_d
11:09:12: Unregistering ResourceManager for type Material
