bin\Debug\WHero.ilk
bin\Debug\WHero.pdb
E:\WHERO\TRUNK\WHERO\BIN\DEBUG\WHERO.EXE
E:\WHERO\TRUNK\WHERO\BIN\DEBUG\WHERO.ILK
E:\WHERO\TRUNK\WHERO\BIN\DEBUG\WHERO.PDB
E:\WHERO\TRUNK\WHERO\OBJ\DEBUG\ABOUTGUISTATE.OBJ
E:\WHERO\TRUNK\WHERO\OBJ\DEBUG\AUDIOSYSTEM.OBJ
E:\WHERO\TRUNK\WHERO\OBJ\DEBUG\BASEBULLET.OBJ
E:\WHERO\TRUNK\WHERO\OBJ\DEBUG\BASEOBJECT.OBJ
E:\WHERO\TRUNK\WHERO\OBJ\DEBUG\BASESTATE.OBJ
E:\WHERO\TRUNK\WHERO\OBJ\DEBUG\BASETANK.OBJ
E:\WHERO\TRUNK\WHERO\OBJ\DEBUG\BULLETMANAGER.OBJ
E:\WHERO\TRUNK\WHERO\OBJ\DEBUG\CHOOSEMAPSTATE.OBJ
E:\WHero\trunk\WHero\obj\Debug\cl.command.1.tlog
E:\WHero\trunk\WHero\obj\Debug\CL.read.1.tlog
E:\WHero\trunk\WHero\obj\Debug\CL.write.1.tlog
E:\WHERO\TRUNK\WHERO\OBJ\DEBUG\CREDITGUISTATE.OBJ
E:\WHERO\TRUNK\WHERO\OBJ\DEBUG\DOTSCENELOADER.OBJ
E:\WHERO\TRUNK\WHERO\OBJ\DEBUG\GAMEAPP.OBJ
E:\WHero\trunk\WHero\obj\Debug\link.command.1.tlog
E:\WHero\trunk\WHero\obj\Debug\link.read.1.tlog
E:\WHero\trunk\WHero\obj\Debug\link.write.1.tlog
E:\WHero\trunk\WHero\obj\Debug\link-cvtres.read.1.tlog
E:\WHero\trunk\WHero\obj\Debug\link-cvtres.write.1.tlog
E:\WHERO\TRUNK\WHERO\OBJ\DEBUG\M60.OBJ
E:\WHERO\TRUNK\WHERO\OBJ\DEBUG\MAIN.OBJ
E:\WHERO\TRUNK\WHERO\OBJ\DEBUG\MAINMENUSTATE.OBJ
E:\WHERO\TRUNK\WHERO\OBJ\DEBUG\MAPMANAGER.OBJ
E:\WHero\trunk\WHero\obj\Debug\mt.command.1.tlog
E:\WHero\trunk\WHero\obj\Debug\mt.read.1.tlog
E:\WHero\trunk\WHero\obj\Debug\mt.write.1.tlog
E:\WHERO\TRUNK\WHERO\OBJ\DEBUG\MULTIPLAYERGUISTATE.OBJ
E:\WHERO\TRUNK\WHERO\OBJ\DEBUG\MYCLIENTNETWORKSYSTEM.OBJ
E:\WHERO\TRUNK\WHERO\OBJ\DEBUG\MYGAMECOMMAND.OBJ
E:\WHERO\TRUNK\WHERO\OBJ\DEBUG\MYGUIMANAGER.OBJ
E:\WHERO\TRUNK\WHERO\OBJ\DEBUG\MYSERVERNETWORKSYSTEM.OBJ
E:\WHERO\TRUNK\WHERO\OBJ\DEBUG\NETWORKRPCCALL.OBJ
E:\WHERO\TRUNK\WHERO\OBJ\DEBUG\OPTIONGUISTATE.OBJ
E:\WHERO\TRUNK\WHERO\OBJ\DEBUG\PLAYINGSTATE.OBJ
E:\WHero\trunk\WHero\obj\Debug\rc.command.1.tlog
E:\WHero\trunk\WHero\obj\Debug\rc.read.1.tlog
E:\WHero\trunk\WHero\obj\Debug\rc.write.1.tlog
E:\WHERO\TRUNK\WHERO\OBJ\DEBUG\ROCKETBULLET.OBJ
E:\WHERO\TRUNK\WHERO\OBJ\DEBUG\STATEMANAGER.OBJ
E:\WHERO\TRUNK\WHERO\OBJ\DEBUG\STDAFX.OBJ
E:\WHERO\TRUNK\WHERO\OBJ\DEBUG\T46.OBJ
E:\WHERO\TRUNK\WHERO\OBJ\DEBUG\TINYSTR.OBJ
E:\WHERO\TRUNK\WHERO\OBJ\DEBUG\TINYXML.OBJ
E:\WHERO\TRUNK\WHERO\OBJ\DEBUG\TINYXMLERROR.OBJ
E:\WHERO\TRUNK\WHERO\OBJ\DEBUG\TINYXMLPARSER.OBJ
E:\WHero\trunk\WHero\obj\Debug\vc100.idb
E:\WHERO\TRUNK\WHERO\OBJ\DEBUG\VC100.PDB
E:\WHERO\TRUNK\WHERO\OBJ\DEBUG\VERTICALBULLET.OBJ
E:\WHERO\TRUNK\WHERO\OBJ\DEBUG\WHERO.EXE.EMBED.MANIFEST
E:\WHERO\TRUNK\WHERO\OBJ\DEBUG\WHERO.EXE.EMBED.MANIFEST.RES
E:\WHERO\TRUNK\WHERO\OBJ\DEBUG\WHERO.EXE.INTERMEDIATE.MANIFEST
E:\WHero\trunk\WHero\obj\Debug\WHero_manifest.rc
