Build started 2012/7/5 15:32:22.
     1>Project "E:\WHero\trunk\WHero\WHero.vcxproj" on node 2 (build target(s)).
     1>InitializeBuildStatus:
         Creating "obj\Debug\WHero.unsuccessfulbuild" because "AlwaysCreate" was specified.
       ClCompile:
         E:\Program Files\Microsoft Visual Studio 10.0\VC\bin\CL.exe /c /Iinclude /I"E:\ogre_src_v1-7-4\include" /I"E:\ogre_src_v1-7-4\include\OIS" /I"E:\ogre_src_v1-7-4\include\OGRE" /I"E:\ogre_src_v1-7-4\Samples\Common\include" /I"E:\ogre_src_v1-7-4\boost_1_47" /I"E:\ogre_src_v1-7-4\CEGUI\cegui\include" /I"E:\ogre_src_v1-7-4\CEGUI\dependencies\include" /ZI /nologo /W3 /WX- /Od /Oy- /D WIN32 /D _DEBUG /D _WINDOWS /D _MBCS /Gm /EHsc /RTC1 /MDd /GS /Gy /fp:fast /Zc:wchar_t /Zc:forScope /GR /Fo"obj\Debug\\" /Fd"obj\Debug\vc100.pdb" /Gd /TP /analyze- /errorReport:prompt Objects\Tank\M60.cpp
         M60.cpp
     1>e:\whero\trunk\whero\objects\tank\basetank.h(48): warning C4101: 'a' : unreferenced local variable
       ManifestResourceCompile:
         All outputs are up-to-date.
       Link:
         E:\Program Files\Microsoft Visual Studio 10.0\VC\bin\link.exe /ERRORREPORT:PROMPT /OUT:"bin\Debug\\WHero.exe" /INCREMENTAL /NOLOGO /LIBPATH:"E:\ogre_src_v1-7-4\lib\debug" /LIBPATH:"E:\ogre_src_v1-7-4\boost_1_44\lib" audiere.lib ws2_32.lib RakNetDLLDebug.lib RakNetLibStaticDebug.lib CEGUIBase_d.lib CEGUIOgreRenderer_d.lib OgreMain_d.lib OIS_d.lib kernel32.lib user32.lib gdi32.lib winspool.lib comdlg32.lib advapi32.lib shell32.lib ole32.lib oleaut32.lib uuid.lib odbc32.lib odbccp32.lib /MANIFEST /ManifestFile:"obj\Debug\WHero.exe.intermediate.manifest" /MANIFESTUAC:"level='asInvoker' uiAccess='false'" /DEBUG /PDB:"bin\Debug\/WHero.pdb" /SUBSYSTEM:WINDOWS /TLBID:1 /DYNAMICBASE /NXCOMPAT /IMPLIB:"bin\Debug\WHero.lib" /MACHINE:X86 obj\Debug\WHero.exe.embed.manifest.res
         obj\Debug\DotSceneLoader.obj
         obj\Debug\tinystr.obj
         obj\Debug\tinyxml.obj
         obj\Debug\tinyxmlerror.obj
         obj\Debug\tinyxmlparser.obj
         obj\Debug\AudioSystem.obj
         obj\Debug\MyGUIManager.obj
         obj\Debug\Main.obj
         obj\Debug\MapManager.obj
         obj\Debug\MyClientNetworkSystem.obj
         obj\Debug\MyGameCommand.obj
         obj\Debug\MyServerNetworkSystem.obj
         obj\Debug\NetWorkRPCCall.obj
         obj\Debug\stdafx.obj
         obj\Debug\BaseObject.obj
         obj\Debug\BaseBullet.obj
         obj\Debug\BulletManager.obj
         obj\Debug\RocketBullet.obj
         obj\Debug\VerticalBullet.obj
         obj\Debug\BaseTank.obj
         obj\Debug\M60.obj
         obj\Debug\T46.obj
         obj\Debug\GameApp.obj
         obj\Debug\AboutGUIState.obj
         obj\Debug\BaseState.obj
         obj\Debug\ChooseMapState.obj
         obj\Debug\CreditGUIState.obj
         obj\Debug\MainMenuState.obj
         obj\Debug\MultiplayerGUIState.obj
         obj\Debug\OptionGUIState.obj
         obj\Debug\PlayingState.obj
         obj\Debug\StateManager.obj
       Manifest:
         C:\Program Files\Microsoft SDKs\Windows\v7.0A\bin\mt.exe /nologo /verbose /out:"obj\Debug\WHero.exe.embed.manifest" /manifest obj\Debug\WHero.exe.intermediate.manifest
         All outputs are up-to-date.
       LinkEmbedManifest:
         All outputs are up-to-date.
         WHero.vcxproj -> E:\WHero\trunk\WHero\bin\Debug\WHero.exe
       PostBuildEvent:
         Description: Copying exe to samples bin directory ...
         copy "bin\Debug\\WHero.exe" "E:\ogre_src_v1-7-4\Bin\Debug"
         :VCEnd
         已复制         1 个文件。
       FinalizeBuildStatus:
         Deleting file "obj\Debug\WHero.unsuccessfulbuild".
         Touching "obj\Debug\WHero.lastbuildstate".
     1>Done Building Project "E:\WHero\trunk\WHero\WHero.vcxproj" (build target(s)).

Build succeeded.

Time Elapsed 00:00:17.61
